<?xml version="1.0" encoding="UTF-8"?>
<testsuite xmlns:xsi="http://www.w3.org/2001/XMLSchema-instance" xsi:noNamespaceSchemaLocation="https://maven.apache.org/surefire/maven-surefire-plugin/xsd/surefire-test-report-3.0.xsd" version="3.0" name="britishtime.NumberWordsTest" time="0.087" tests="3" errors="0" skipped="0" failures="0">
  <properties>
    <property name="gopherProxySet" value="false"/>
    <property name="awt.toolkit" value="sun.lwawt.macosx.LWCToolkit"/>
    <property name="file.encoding.pkg" value="sun.io"/>
    <property name="java.specification.version" value="1.8"/>
    <property name="sun.cpu.isalist" value=""/>
    <property name="sun.jnu.encoding" value="UTF-8"/>
    <property name="java.class.path" value="/Users/lm090093/Side/coding-challenge-smartbear-britishtime/target/test-classes:/Users/lm090093/Side/coding-challenge-smartbear-britishtime/target/classes:/Users/lm090093/.m2/repository/org/junit/jupiter/junit-jupiter/5.10.2/junit-jupiter-5.10.2.jar:/Users/lm090093/.m2/repository/org/junit/jupiter/junit-jupiter-api/5.10.2/junit-jupiter-api-5.10.2.jar:/Users/lm090093/.m2/repository/org/opentest4j/opentest4j/1.3.0/opentest4j-1.3.0.jar:/Users/lm090093/.m2/repository/org/junit/platform/junit-platform-commons/1.10.2/junit-platform-commons-1.10.2.jar:/Users/lm090093/.m2/repository/org/apiguardian/apiguardian-api/1.1.2/apiguardian-api-1.1.2.jar:/Users/lm090093/.m2/repository/org/junit/jupiter/junit-jupiter-params/5.10.2/junit-jupiter-params-5.10.2.jar:/Users/lm090093/.m2/repository/org/junit/jupiter/junit-jupiter-engine/5.10.2/junit-jupiter-engine-5.10.2.jar:/Users/lm090093/.m2/repository/org/junit/platform/junit-platform-engine/1.10.2/junit-platform-engine-1.10.2.jar:"/>
    <property name="java.vm.vendor" value="Oracle Corporation"/>
    <property name="sun.arch.data.model" value="64"/>
    <property name="java.vendor.url" value="http://java.oracle.com/"/>
    <property name="user.timezone" value=""/>
    <property name="java.vm.specification.version" value="1.8"/>
    <property name="os.name" value="Mac OS X"/>
    <property name="user.country" value="IN"/>
    <property name="sun.java.launcher" value="SUN_STANDARD"/>
    <property name="sun.boot.library.path" value="/Library/jdk1.8.0_202.jdk/Contents/Home/jre/lib"/>
    <property name="sun.java.command" value="/Users/lm090093/Side/coding-challenge-smartbear-britishtime/target/surefire/surefirebooter-20250912235333987_3.jar /Users/lm090093/Side/coding-challenge-smartbear-britishtime/target/surefire 2025-09-12T23-53-33_647-jvmRun1 surefire-20250912235333987_1tmp surefire_0-20250912235333987_2tmp"/>
    <property name="surefire.test.class.path" value="/Users/lm090093/Side/coding-challenge-smartbear-britishtime/target/test-classes:/Users/lm090093/Side/coding-challenge-smartbear-britishtime/target/classes:/Users/lm090093/.m2/repository/org/junit/jupiter/junit-jupiter/5.10.2/junit-jupiter-5.10.2.jar:/Users/lm090093/.m2/repository/org/junit/jupiter/junit-jupiter-api/5.10.2/junit-jupiter-api-5.10.2.jar:/Users/lm090093/.m2/repository/org/opentest4j/opentest4j/1.3.0/opentest4j-1.3.0.jar:/Users/lm090093/.m2/repository/org/junit/platform/junit-platform-commons/1.10.2/junit-platform-commons-1.10.2.jar:/Users/lm090093/.m2/repository/org/apiguardian/apiguardian-api/1.1.2/apiguardian-api-1.1.2.jar:/Users/lm090093/.m2/repository/org/junit/jupiter/junit-jupiter-params/5.10.2/junit-jupiter-params-5.10.2.jar:/Users/lm090093/.m2/repository/org/junit/jupiter/junit-jupiter-engine/5.10.2/junit-jupiter-engine-5.10.2.jar:/Users/lm090093/.m2/repository/org/junit/platform/junit-platform-engine/1.10.2/junit-platform-engine-1.10.2.jar:"/>
    <property name="sun.cpu.endian" value="little"/>
    <property name="user.home" value="/Users/lm090093"/>
    <property name="user.language" value="en"/>
    <property name="java.specification.vendor" value="Oracle Corporation"/>
    <property name="java.home" value="/Library/jdk1.8.0_202.jdk/Contents/Home/jre"/>
    <property name="basedir" value="/Users/lm090093/Side/coding-challenge-smartbear-britishtime"/>
    <property name="file.separator" value="/"/>
    <property name="line.separator" value="&#10;"/>
    <property name="java.vm.specification.vendor" value="Oracle Corporation"/>
    <property name="java.specification.name" value="Java Platform API Specification"/>
    <property name="java.awt.graphicsenv" value="sun.awt.CGraphicsEnvironment"/>
    <property name="surefire.real.class.path" value="/Users/lm090093/Side/coding-challenge-smartbear-britishtime/target/surefire/surefirebooter-20250912235333987_3.jar"/>
    <property name="sun.boot.class.path" value="/Library/jdk1.8.0_202.jdk/Contents/Home/jre/lib/resources.jar:/Library/jdk1.8.0_202.jdk/Contents/Home/jre/lib/rt.jar:/Library/jdk1.8.0_202.jdk/Contents/Home/jre/lib/sunrsasign.jar:/Library/jdk1.8.0_202.jdk/Contents/Home/jre/lib/jsse.jar:/Library/jdk1.8.0_202.jdk/Contents/Home/jre/lib/jce.jar:/Library/jdk1.8.0_202.jdk/Contents/Home/jre/lib/charsets.jar:/Library/jdk1.8.0_202.jdk/Contents/Home/jre/lib/jfr.jar:/Library/jdk1.8.0_202.jdk/Contents/Home/jre/classes"/>
    <property name="sun.management.compiler" value="HotSpot 64-Bit Tiered Compilers"/>
    <property name="java.runtime.version" value="1.8.0_202-b08"/>
    <property name="user.name" value="lm090093"/>
    <property name="path.separator" value=":"/>
    <property name="os.version" value="10.16"/>
    <property name="java.endorsed.dirs" value="/Library/jdk1.8.0_202.jdk/Contents/Home/jre/lib/endorsed"/>
    <property name="java.runtime.name" value="Java(TM) SE Runtime Environment"/>
    <property name="file.encoding" value="UTF-8"/>
    <property name="java.vm.name" value="Java HotSpot(TM) 64-Bit Server VM"/>
    <property name="localRepository" value="/Users/lm090093/.m2/repository"/>
    <property name="java.vendor.url.bug" value="http://bugreport.sun.com/bugreport/"/>
    <property name="java.io.tmpdir" value="/var/folders/r3/rxpv9fns02z1hy27g248l3xr0000gp/T/"/>
    <property name="java.version" value="1.8.0_202"/>
    <property name="user.dir" value="/Users/lm090093/Side/coding-challenge-smartbear-britishtime"/>
    <property name="os.arch" value="x86_64"/>
    <property name="java.vm.specification.name" value="Java Virtual Machine Specification"/>
    <property name="java.awt.printerjob" value="sun.lwawt.macosx.CPrinterJob"/>
    <property name="sun.os.patch.level" value="unknown"/>
    <property name="java.library.path" value="/Users/lm090093/Library/Java/Extensions:/Library/Java/Extensions:/Network/Library/Java/Extensions:/System/Library/Java/Extensions:/usr/lib/java:."/>
    <property name="java.vm.info" value="mixed mode"/>
    <property name="java.vendor" value="Oracle Corporation"/>
    <property name="java.vm.version" value="25.202-b08"/>
    <property name="java.ext.dirs" value="/Users/lm090093/Library/Java/Extensions:/Library/jdk1.8.0_202.jdk/Contents/Home/jre/lib/ext:/Library/Java/Extensions:/Network/Library/Java/Extensions:/System/Library/Java/Extensions:/usr/lib/java"/>
    <property name="sun.io.unicode.encoding" value="UnicodeBig"/>
    <property name="java.class.version" value="52.0"/>
  </properties>
  <testcase name="boundaries" classname="britishtime.NumberWordsTest" time="0.039"/>
  <testcase name="validation" classname="britishtime.NumberWordsTest" time="0.002"/>
  <testcase name="hyphenedNumbers" classname="britishtime.NumberWordsTest" time="0.0"/>
</testsuite>